2018-08-17 07:33:21 +0000  Initial pipeline context: <IDEDistributionProcessingPipelineContext: 0x7fa5fc721f20; archive(resolved)='<IDEArchive: 0x7fa619072640>', distributionTask(resolved)='2', distributionMethod(resolved)='<IDEDistributionMethodiOSEnterprise: 0x7fa60d2c35b0>', team(resolved)='<IDEProvisioningBasicTeam: 0x7fa62aba50b0; teamID='BHWTW6L8X6', teamName='Beijing Sankuai Technology Co., Ltd.'>'>
	Chain (11, self inclusive):
	<IDEDistributionProcessingPipelineContext: 0x7fa5fc721f20; archive = '<IDEArchive: 0x7fa619072640>', distributionMethod='<IDEDistributionMethodiOSEnterprise: 0x7fa60d2c35b0>', team='<IDEProvisioningBasicTeam: 0x7fa62aba50b0; teamID='BHWTW6L8X6', teamName='Beijing Sankuai Technology Co., Ltd.'>'>
	<IDEDistributionProcessingPipelineContext: 0x7fa61a6602e0; archive = '<IDEArchive: 0x7fa619072640>', distributionMethod='<IDEDistributionMethodiOSEnterprise: 0x7fa60d2c35b0>', team='<IDEProvisioningBasicTeam: 0x7fa62aba50b0; teamID='BHWTW6L8X6', teamName='Beijing Sankuai Technology Co., Ltd.'>'>
	<IDEDistributionContext: 0x7fa613c4eaa0; archive = '<IDEArchive: 0x7fa619072640>', distributionMethod='<IDEDistributionMethodiOSEnterprise: 0x7fa60d2c35b0>', team='<IDEProvisioningBasicTeam: 0x7fa62aba50b0; teamID='BHWTW6L8X6', teamName='Beijing Sankuai Technology Co., Ltd.'>'>
	<IDEDistributionContext: 0x7fa617d5d040; archive = '<IDEArchive: 0x7fa619072640>', distributionMethod='<IDEDistributionMethodiOSEnterprise: 0x7fa60d2c35b0>', team='<IDEProvisioningBasicTeam: 0x7fa62aba50b0; teamID='BHWTW6L8X6', teamName='Beijing Sankuai Technology Co., Ltd.'>'>
	<IDEDistributionContext: 0x7fa61a6437e0; archive = '<IDEArchive: 0x7fa619072640>', distributionMethod='<IDEDistributionMethodiOSEnterprise: 0x7fa60d2c35b0>', team='<IDEProvisioningBasicTeam: 0x7fa62aba50b0; teamID='BHWTW6L8X6', teamName='Beijing Sankuai Technology Co., Ltd.'>'>
	<IDEDistributionContext: 0x7fa62a7e8f90; archive = '<IDEArchive: 0x7fa619072640>', distributionMethod='<IDEDistributionMethodiOSEnterprise: 0x7fa60d2c35b0>', team='<IDEProvisioningBasicTeam: 0x7fa62aba50b0; teamID='BHWTW6L8X6', teamName='Beijing Sankuai Technology Co., Ltd.'>'>
	<IDEDistributionContext: 0x7fa5fac0b800; archive = '<IDEArchive: 0x7fa619072640>', distributionMethod='<IDEDistributionMethodiOSEnterprise: 0x7fa60d2c35b0>', team='<IDEProvisioningBasicTeam: 0x7fa62aba50b0; teamID='BHWTW6L8X6', teamName='Beijing Sankuai Technology Co., Ltd.'>'>
	<IDEDistributionContext: 0x7fa617b34f70; archive = '<IDEArchive: 0x7fa619072640>', distributionMethod='<IDEDistributionMethodiOSEnterprise: 0x7fa60d2c35b0>', team='<IDEProvisioningBasicTeam: 0x7fa62aba50b0; teamID='BHWTW6L8X6', teamName='Beijing Sankuai Technology Co., Ltd.'>'>
	<IDEDistributionContext: 0x7fa61a34ed50; archive = '<IDEArchive: 0x7fa619072640>', distributionMethod='<IDEDistributionMethodiOSEnterprise: 0x7fa60d2c35b0>', team='<IDEProvisioningBasicTeam: 0x7fa62aba50b0; teamID='BHWTW6L8X6', teamName='Beijing Sankuai Technology Co., Ltd.'>'>
	<IDEDistributionContext: 0x7fa5fc20ebd0; archive = '<IDEArchive: 0x7fa619072640>', distributionMethod='<IDEDistributionMethodiOSEnterprise: 0x7fa60d2c35b0>', team='(null)'>
	<IDEDistributionContext: 0x7fa61906d9c0; archive = '<IDEArchive: 0x7fa619072640>', distributionMethod='(null)', team='(null)'>
</IDEDistributionProcessingPipelineContext: 0x7fa5fc721f20>
2018-08-17 07:33:21 +0000  Processing step: IDEDistributionCreateDestRootStep
2018-08-17 07:33:21 +0000  Processing step: IDEDistributionCopyItemStep
2018-08-17 07:33:21 +0000  Running /usr/bin/ditto '-V' '/Users/mac/Library/Developer/Xcode/Archives/2018-08-17/shixun 2018-8-17, 15.30.xcarchive/Products/Applications/shixun.app' '/var/folders/d0/hww2dxqs6gxc_8lw22p64n080000gn/T/XcodeDistPipeline.72X/Root/Payload/shixun.app'
2018-08-17 07:33:21 +0000  >>> Copying /Users/mac/Library/Developer/Xcode/Archives/2018-08-17/shixun 2018-8-17, 15.30.xcarchive/Products/Applications/shixun.app 
2018-08-17 07:33:21 +0000  copying file ./_CodeSignature/CodeResources ... 
2018-08-17 07:33:21 +0000  18886 bytes for ./_CodeSignature/CodeResources
2018-08-17 07:33:21 +0000  copying file ./LaunchImage-1100-Portrait-2436h@3x.png ... 
2018-08-17 07:33:21 +0000  58184 bytes for ./LaunchImage-1100-Portrait-2436h@3x.png
2018-08-17 07:33:21 +0000  copying file ./LaunchImage@2x.png ... 
2018-08-17 07:33:21 +0000  34608 bytes for ./LaunchImage@2x.png
2018-08-17 07:33:21 +0000  copying file ./AppIcon20x20@2x.png ... 
2018-08-17 07:33:21 +0000  16289 bytes for ./AppIcon20x20@2x.png
2018-08-17 07:33:21 +0000  copying file ./meetingkit.bundle/Fragment.glsl ... 
2018-08-17 07:33:21 +0000  432 bytes for ./meetingkit.bundle/Fragment.glsl
2018-08-17 07:33:21 +0000  copying file ./meetingkit.bundle/Assets.car ... 
2018-08-17 07:33:21 +0000  163256 bytes for ./meetingkit.bundle/Assets.car
2018-08-17 07:33:21 +0000  copying file ./meetingkit.bundle/Vertex.glsl ... 
2018-08-17 07:33:21 +0000  155 bytes for ./meetingkit.bundle/Vertex.glsl
2018-08-17 07:33:21 +0000  copying file ./meetingkit.bundle/RCRefresh.bundle/zh-Hans.lproj/Localizable.strings ... 
2018-08-17 07:33:21 +0000  1194 bytes for ./meetingkit.bundle/RCRefresh.bundle/zh-Hans.lproj/Localizable.strings
2018-08-17 07:33:21 +0000  copying file ./meetingkit.bundle/RCRefresh.bundle/en.lproj/Localizable.strings ... 
2018-08-17 07:33:21 +0000  1372 bytes for ./meetingkit.bundle/RCRefresh.bundle/en.lproj/Localizable.strings
2018-08-17 07:33:21 +0000  copying file ./meetingkit.bundle/RCRefresh.bundle/arrow@2x.png ... 
2018-08-17 07:33:21 +0000  1033 bytes for ./meetingkit.bundle/RCRefresh.bundle/arrow@2x.png
2018-08-17 07:33:21 +0000  copying file ./meetingkit.bundle/RCRefresh.bundle/zh-Hant.lproj/Localizable.strings ... 
2018-08-17 07:33:21 +0000  773 bytes for ./meetingkit.bundle/RCRefresh.bundle/zh-Hant.lproj/Localizable.strings
2018-08-17 07:33:21 +0000  copying file ./meetingkit.bundle/Info.plist ... 
2018-08-17 07:33:21 +0000  812 bytes for ./meetingkit.bundle/Info.plist
2018-08-17 07:33:21 +0000  copying file ./AppIcon20x20@3x.png ... 
2018-08-17 07:33:21 +0000  17290 bytes for ./AppIcon20x20@3x.png
2018-08-17 07:33:21 +0000  copying file ./LaunchImage-568h@2x.png ... 
2018-08-17 07:33:21 +0000  35398 bytes for ./LaunchImage-568h@2x.png
2018-08-17 07:33:21 +0000  copying file ./AppIcon60x60@2x.png ... 
2018-08-17 07:33:21 +0000  5696 bytes for ./AppIcon60x60@2x.png
2018-08-17 07:33:21 +0000  copying file ./AppIcon29x29@2x.png ... 
2018-08-17 07:33:21 +0000  2074 bytes for ./AppIcon29x29@2x.png
2018-08-17 07:33:21 +0000  copying file ./DefaultAppInfo.plist ... 
2018-08-17 07:33:21 +0000  126 bytes for ./DefaultAppInfo.plist
2018-08-17 07:33:21 +0000  copying file ./LaunchImage-800-667h@2x.png ... 
2018-08-17 07:33:21 +0000  36522 bytes for ./LaunchImage-800-667h@2x.png
2018-08-17 07:33:21 +0000  copying file ./AppIcon40x40@3x.png ... 
2018-08-17 07:33:21 +0000  5696 bytes for ./AppIcon40x40@3x.png
2018-08-17 07:33:21 +0000  copying file ./AppIcon29x29~ipad.png ... 
2018-08-17 07:33:21 +0000  798 bytes for ./AppIcon29x29~ipad.png
2018-08-17 07:33:21 +0000  copying file ./AppIcon40x40@2x.png ... 
2018-08-17 07:33:21 +0000  3353 bytes for ./AppIcon40x40@2x.png
2018-08-17 07:33:21 +0000  copying file ./AppIcon29x29@3x.png ... 
2018-08-17 07:33:21 +0000  3716 bytes for ./AppIcon29x29@3x.png
2018-08-17 07:33:21 +0000  copying file ./AppIcon60x60@3x.png ... 
2018-08-17 07:33:21 +0000  10105 bytes for ./AppIcon60x60@3x.png
2018-08-17 07:33:21 +0000  copying file ./LaunchImage-700-Portrait~ipad.png ... 
2018-08-17 07:33:21 +0000  23744 bytes for ./LaunchImage-700-Portrait~ipad.png
2018-08-17 07:33:21 +0000  copying file ./Assets.car ... 
2018-08-17 07:33:21 +0000  216920 bytes for ./Assets.car
2018-08-17 07:33:21 +0000  copying file ./AppIcon40x40@2x~ipad.png ... 
2018-08-17 07:33:21 +0000  3353 bytes for ./AppIcon40x40@2x~ipad.png
2018-08-17 07:33:21 +0000  copying file ./AppIcon76x76@2x~ipad.png ... 
2018-08-17 07:33:21 +0000  7942 bytes for ./AppIcon76x76@2x~ipad.png
2018-08-17 07:33:21 +0000  copying file ./LaunchImage-800-Portrait-736h@3x.png ... 
2018-08-17 07:33:21 +0000  64795 bytes for ./LaunchImage-800-Portrait-736h@3x.png
2018-08-17 07:33:21 +0000  copying file ./LaunchImage-700@2x.png ... 
2018-08-17 07:33:21 +0000  34608 bytes for ./LaunchImage-700@2x.png
2018-08-17 07:33:21 +0000  copying file ./videoio.bundle/blend.png ... 
2018-08-17 07:33:21 +0000  11852 bytes for ./videoio.bundle/blend.png
2018-08-17 07:33:21 +0000  copying file ./AppIcon83.5x83.5@2x~ipad.png ... 
2018-08-17 07:33:21 +0000  9135 bytes for ./AppIcon83.5x83.5@2x~ipad.png
2018-08-17 07:33:21 +0000  copying file ./LaunchImage-700-568h@2x.png ... 
2018-08-17 07:33:21 +0000  35398 bytes for ./LaunchImage-700-568h@2x.png
copying file ./shixun ... 
2018-08-17 07:33:21 +0000  2984000 bytes for ./shixun
2018-08-17 07:33:21 +0000  copying file ./AppIcon29x29@2x~ipad.png ... 
2018-08-17 07:33:21 +0000  2074 bytes for ./AppIcon29x29@2x~ipad.png
copying file ./LaunchImage-700-Landscape@2x~ipad.png ... 
2018-08-17 07:33:21 +0000  57316 bytes for ./LaunchImage-700-Landscape@2x~ipad.png
2018-08-17 07:33:21 +0000  copying file ./AppIcon40x40~ipad.png ... 
2018-08-17 07:33:21 +0000  1881 bytes for ./AppIcon40x40~ipad.png
2018-08-17 07:33:21 +0000  copying file ./Frameworks/reich_meetingkit.framework/_CodeSignature/CodeResources ... 
2018-08-17 07:33:21 +0000  4832 bytes for ./Frameworks/reich_meetingkit.framework/_CodeSignature/CodeResources
2018-08-17 07:33:21 +0000  copying file ./Frameworks/reich_meetingkit.framework/.DS_Store ... 
2018-08-17 07:33:21 +0000  6148 bytes for ./Frameworks/reich_meetingkit.framework/.DS_Store
copying file ./Frameworks/reich_meetingkit.framework/reich_meetingkit ... 
2018-08-17 07:33:21 +0000  43149200 bytes for ./Frameworks/reich_meetingkit.framework/reich_meetingkit
2018-08-17 07:33:21 +0000  copying file ./Frameworks/reich_meetingkit.framework/Fragment.glsl ... 
432 bytes for ./Frameworks/reich_meetingkit.framework/Fragment.glsl
copying file ./Frameworks/reich_meetingkit.framework/Assets.car ... 
163256 bytes for ./Frameworks/reich_meetingkit.framework/Assets.car
copying file ./Frameworks/reich_meetingkit.framework/Vertex.glsl ... 
2018-08-17 07:33:21 +0000  155 bytes for ./Frameworks/reich_meetingkit.framework/Vertex.glsl
2018-08-17 07:33:21 +0000  copying file ./Frameworks/reich_meetingkit.framework/RCRefresh.bundle/zh-Hans.lproj/Localizable.strings ... 
2018-08-17 07:33:21 +0000  1194 bytes for ./Frameworks/reich_meetingkit.framework/RCRefresh.bundle/zh-Hans.lproj/Localizable.strings
2018-08-17 07:33:21 +0000  copying file ./Frameworks/reich_meetingkit.framework/RCRefresh.bundle/en.lproj/Localizable.strings ... 
2018-08-17 07:33:21 +0000  1372 bytes for ./Frameworks/reich_meetingkit.framework/RCRefresh.bundle/en.lproj/Localizable.strings
2018-08-17 07:33:21 +0000  copying file ./Frameworks/reich_meetingkit.framework/RCRefresh.bundle/arrow@2x.png ... 
2018-08-17 07:33:21 +0000  1033 bytes for ./Frameworks/reich_meetingkit.framework/RCRefresh.bundle/arrow@2x.png
2018-08-17 07:33:21 +0000  copying file ./Frameworks/reich_meetingkit.framework/RCRefresh.bundle/zh-Hant.lproj/Localizable.strings ... 
2018-08-17 07:33:21 +0000  773 bytes for ./Frameworks/reich_meetingkit.framework/RCRefresh.bundle/zh-Hant.lproj/Localizable.strings
2018-08-17 07:33:21 +0000  copying file ./Frameworks/reich_meetingkit.framework/Info.plist ... 
2018-08-17 07:33:21 +0000  716 bytes for ./Frameworks/reich_meetingkit.framework/Info.plist
2018-08-17 07:33:21 +0000  copying file ./embedded.mobileprovision ... 
2018-08-17 07:33:21 +0000  266879 bytes for ./embedded.mobileprovision
2018-08-17 07:33:21 +0000  copying file ./LaunchImage-700-Portrait@2x~ipad.png ... 
2018-08-17 07:33:21 +0000  65692 bytes for ./LaunchImage-700-Portrait@2x~ipad.png
2018-08-17 07:33:21 +0000  copying file ./LaunchImage-700-Landscape~ipad.png ... 
2018-08-17 07:33:21 +0000  20977 bytes for ./LaunchImage-700-Landscape~ipad.png
2018-08-17 07:33:21 +0000  copying file ./Info.plist ... 
2018-08-17 07:33:21 +0000  2255 bytes for ./Info.plist
2018-08-17 07:33:21 +0000  copying file ./PkgInfo ... 
2018-08-17 07:33:21 +0000  8 bytes for ./PkgInfo
2018-08-17 07:33:21 +0000  copying file ./AppIcon76x76~ipad.png ... 
2018-08-17 07:33:21 +0000  3132 bytes for ./AppIcon76x76~ipad.png
2018-08-17 07:33:21 +0000  
2018-08-17 07:33:21 +0000  
2018-08-17 07:33:21 +0000  /usr/bin/ditto exited with 02018-08-17 07:33:21 +0000  

2018-08-17 07:33:21 +0000  2018-08-17 07:33:21 +0000  

2018-08-17 07:33:21 +0000  Processing step: IDEDistributionEmbedProfileStep
2018-08-17 07:33:21 +0000  Skipping profile for item: <IDEDistributionItem: 0x7fa5fac2afb0 'com.sankuai.meetingkit' '<DVTFilePath:0x7fa5fc1fa6f0:'/Users/mac/Library/Developer/Xcode/Archives/2018-08-17/shixun 2018-8-17, 15.30.xcarchive/Products/Applications/shixun.app/Frameworks/reich_meetingkit.framework'>'>
2018-08-17 07:33:21 +0000  Processing step: IDEDistributionAppThinningPlistStep
2018-08-17 07:33:21 +0000  Skipping step: IDEDistributionAppThinningPlistStep because it said so
2018-08-17 07:33:21 +0000  Processing step: IDEDistributionCompileBitcodeStep
2018-08-17 07:33:21 +0000  Skipping step: IDEDistributionCompileBitcodeStep because it said so
2018-08-17 07:33:21 +0000  Processing step: IDEDistributionCodeSlimmingStep
2018-08-17 07:33:21 +0000  Processing step: IDEDistributionCopyBCSymbolMapsStep
2018-08-17 07:33:21 +0000  Skipping step: IDEDistributionCopyBCSymbolMapsStep because it said so
2018-08-17 07:33:21 +0000  Skipping step: IDEDistributionCopyBCSymbolMapsStep because it said so
2018-08-17 07:33:21 +0000  Processing step: IDEDistributionSymbolsStep
2018-08-17 07:33:21 +0000  Skipping step: IDEDistributionSymbolsStep because it said so
2018-08-17 07:33:21 +0000  Skipping step: IDEDistributionSymbolsStep because it said so
2018-08-17 07:33:21 +0000  Processing step: IDEDistributionAppThinningStep
2018-08-17 07:33:21 +0000  Skipping step: IDEDistributionAppThinningStep because it said so
2018-08-17 07:33:21 +0000  Processing step: IDEDistributionODRStep
2018-08-17 07:33:21 +0000  Processing step: IDEDistributionStripXattrsStep
2018-08-17 07:33:21 +0000  Skipping stripping extended attributes of item: <IDEDistributionItem: 0x7fa5fac2afb0 'com.sankuai.meetingkit' '<DVTFilePath:0x7fa5fc1fa6f0:'/Users/mac/Library/Developer/Xcode/Archives/2018-08-17/shixun 2018-8-17, 15.30.xcarchive/Products/Applications/shixun.app/Frameworks/reich_meetingkit.framework'>'>
2018-08-17 07:33:21 +0000  Running /usr/bin/xattr '-crs' '/var/folders/d0/hww2dxqs6gxc_8lw22p64n080000gn/T/XcodeDistPipeline.72X/Root/Payload/shixun.app'
2018-08-17 07:33:22 +0000  2018-08-17 07:33:22 +0000  

2018-08-17 07:33:22 +0000  /usr/bin/xattr exited with 0
2018-08-17 07:33:22 +0000  2018-08-17 07:33:22 +0000  

2018-08-17 07:33:22 +0000  Processing step: IDEDistributionCodesignStep
2018-08-17 07:33:22 +0000  Entitlements for <IDEDistributionItem: 0x7fa5fac2afb0 'com.sankuai.meetingkit' '<DVTFilePath:0x7fa5fc1fa6f0:'/Users/mac/Library/Developer/Xcode/Archives/2018-08-17/shixun 2018-8-17, 15.30.xcarchive/Products/Applications/shixun.app/Frameworks/reich_meetingkit.framework'>'>: {
}
2018-08-17 07:33:22 +0000  Writing entitlements for <IDEDistributionItem: 0x7fa5fac2afb0 'com.sankuai.meetingkit' '<DVTFilePath:0x7fa5fc1fa6f0:'/Users/mac/Library/Developer/Xcode/Archives/2018-08-17/shixun 2018-8-17, 15.30.xcarchive/Products/Applications/shixun.app/Frameworks/reich_meetingkit.framework'>'> to: /var/folders/d0/hww2dxqs6gxc_8lw22p64n080000gn/T/XcodeDistPipeline.72X/entitlementsAIzdZk
2018-08-17 07:33:22 +0000  Running /usr/bin/codesign '-vvv' '--force' '--sign' 'B3D81BBBAFC7BC8347619A599BAEF3397A54A753' '--preserve-metadata=identifier,flags' '--entitlements' '/var/folders/d0/hww2dxqs6gxc_8lw22p64n080000gn/T/XcodeDistPipeline.72X/entitlementsAIzdZk' '/var/folders/d0/hww2dxqs6gxc_8lw22p64n080000gn/T/XcodeDistPipeline.72X/Root/Payload/shixun.app/Frameworks/reich_meetingkit.framework'
2018-08-17 07:33:22 +0000  /var/folders/d0/hww2dxqs6gxc_8lw22p64n080000gn/T/XcodeDistPipeline.72X/Root/Payload/shixun.app/Frameworks/reich_meetingkit.framework: replacing existing signature
2018-08-17 07:33:22 +0000  /var/folders/d0/hww2dxqs6gxc_8lw22p64n080000gn/T/XcodeDistPipeline.72X/Root/Payload/shixun.app/Frameworks/reich_meetingkit.framework: signed bundle with Mach-O universal (armv7 arm64) [com.sankuai.meetingkit]
2018-08-17 07:33:22 +0000  2018-08-17 07:33:22 +0000  

2018-08-17 07:33:22 +0000  /usr/bin/codesign exited with 0
2018-08-17 07:33:22 +0000  
2018-08-17 07:33:22 +0000  Entitlements for <IDEDistributionItem: 0x7fa62ab9dcb0 'com.meituan.shixun.dev' '<DVTFilePath:0x7fa61a802910:'/Users/mac/Library/Developer/Xcode/Archives/2018-08-17/shixun 2018-8-17, 15.30.xcarchive/Products/Applications/shixun.app'>'>: {
    "application-identifier" = "BHWTW6L8X6.com.meituan.shixun.dev";
    "com.apple.developer.team-identifier" = BHWTW6L8X6;
    "get-task-allow" = 0;
    "keychain-access-groups" =     (
        "BHWTW6L8X6.com.meituan.shixun.dev"
    );
}
2018-08-17 07:33:22 +0000  Writing entitlements for <IDEDistributionItem: 0x7fa62ab9dcb0 'com.meituan.shixun.dev' '<DVTFilePath:0x7fa61a802910:'/Users/mac/Library/Developer/Xcode/Archives/2018-08-17/shixun 2018-8-17, 15.30.xcarchive/Products/Applications/shixun.app'>'> to: /var/folders/d0/hww2dxqs6gxc_8lw22p64n080000gn/T/XcodeDistPipeline.72X/entitlementsRkPuNr
2018-08-17 07:33:22 +0000  Running /usr/bin/codesign '-vvv' '--force' '--sign' 'B3D81BBBAFC7BC8347619A599BAEF3397A54A753' '--preserve-metadata=identifier,flags' '--entitlements' '/var/folders/d0/hww2dxqs6gxc_8lw22p64n080000gn/T/XcodeDistPipeline.72X/entitlementsRkPuNr' '/var/folders/d0/hww2dxqs6gxc_8lw22p64n080000gn/T/XcodeDistPipeline.72X/Root/Payload/shixun.app'
2018-08-17 07:33:22 +0000  /var/folders/d0/hww2dxqs6gxc_8lw22p64n080000gn/T/XcodeDistPipeline.72X/Root/Payload/shixun.app: replacing existing signature
2018-08-17 07:33:23 +0000  /var/folders/d0/hww2dxqs6gxc_8lw22p64n080000gn/T/XcodeDistPipeline.72X/Root/Payload/shixun.app: signed app bundle with Mach-O universal (armv7 arm64) [com.meituan.shixun.dev]
2018-08-17 07:33:23 +0000  2018-08-17 07:33:23 +0000  

2018-08-17 07:33:23 +0000  /usr/bin/codesign exited with 0
2018-08-17 07:33:23 +0000  
2018-08-17 07:33:23 +0000  
2018-08-17 07:33:23 +0000  Processing step: IDEDistributionStreamingZipItemStep
2018-08-17 07:33:23 +0000  Skipping step: IDEDistributionStreamingZipItemStep because it said so
2018-08-17 07:33:23 +0000  Skipping step: IDEDistributionStreamingZipItemStep because it said so
2018-08-17 07:33:23 +0000  Processing step: IDEDistributionCreateIPAStep
2018-08-17 07:33:23 +0000  Running /usr/bin/ditto '-V' '-c' '-k' '--norsrc' '/var/folders/d0/hww2dxqs6gxc_8lw22p64n080000gn/T/XcodeDistPipeline.72X/Root' '/var/folders/d0/hww2dxqs6gxc_8lw22p64n080000gn/T/XcodeDistPipeline.72X/Packages/shixun.ipa'
2018-08-17 07:33:23 +0000  >>> Copying /var/folders/d0/hww2dxqs6gxc_8lw22p64n080000gn/T/XcodeDistPipeline.72X/Root 
2018-08-17 07:33:23 +0000  copying file ./Payload/shixun.app/_CodeSignature/CodeResources ... 
2018-08-17 07:33:23 +0000  18886 bytes for ./Payload/shixun.app/_CodeSignature/CodeResources
2018-08-17 07:33:23 +0000  copying file ./Payload/shixun.app/LaunchImage-1100-Portrait-2436h@3x.png ... 
2018-08-17 07:33:23 +0000  58184 bytes for ./Payload/shixun.app/LaunchImage-1100-Portrait-2436h@3x.png
copying file ./Payload/shixun.app/LaunchImage@2x.png ... 
2018-08-17 07:33:23 +0000  34608 bytes for ./Payload/shixun.app/LaunchImage@2x.png
copying file ./Payload/shixun.app/AppIcon20x20@2x.png ... 
2018-08-17 07:33:23 +0000  16289 bytes for ./Payload/shixun.app/AppIcon20x20@2x.png
2018-08-17 07:33:23 +0000  copying file ./Payload/shixun.app/meetingkit.bundle/Fragment.glsl ... 
2018-08-17 07:33:23 +0000  432 bytes for ./Payload/shixun.app/meetingkit.bundle/Fragment.glsl
copying file ./Payload/shixun.app/meetingkit.bundle/Assets.car ... 
2018-08-17 07:33:23 +0000  163256 bytes for ./Payload/shixun.app/meetingkit.bundle/Assets.car
copying file ./Payload/shixun.app/meetingkit.bundle/Vertex.glsl ... 
2018-08-17 07:33:23 +0000  155 bytes for ./Payload/shixun.app/meetingkit.bundle/Vertex.glsl
2018-08-17 07:33:23 +0000  copying file ./Payload/shixun.app/meetingkit.bundle/RCRefresh.bundle/zh-Hans.lproj/Localizable.strings ... 
2018-08-17 07:33:23 +0000  1194 bytes for ./Payload/shixun.app/meetingkit.bundle/RCRefresh.bundle/zh-Hans.lproj/Localizable.strings
2018-08-17 07:33:23 +0000  copying file ./Payload/shixun.app/meetingkit.bundle/RCRefresh.bundle/en.lproj/Localizable.strings ... 
2018-08-17 07:33:23 +0000  1372 bytes for ./Payload/shixun.app/meetingkit.bundle/RCRefresh.bundle/en.lproj/Localizable.strings
2018-08-17 07:33:23 +0000  copying file ./Payload/shixun.app/meetingkit.bundle/RCRefresh.bundle/arrow@2x.png ... 
2018-08-17 07:33:23 +0000  1033 bytes for ./Payload/shixun.app/meetingkit.bundle/RCRefresh.bundle/arrow@2x.png
2018-08-17 07:33:23 +0000  copying file ./Payload/shixun.app/meetingkit.bundle/RCRefresh.bundle/zh-Hant.lproj/Localizable.strings ... 
2018-08-17 07:33:23 +0000  773 bytes for ./Payload/shixun.app/meetingkit.bundle/RCRefresh.bundle/zh-Hant.lproj/Localizable.strings
copying file ./Payload/shixun.app/meetingkit.bundle/Info.plist ... 
2018-08-17 07:33:23 +0000  812 bytes for ./Payload/shixun.app/meetingkit.bundle/Info.plist
2018-08-17 07:33:23 +0000  copying file ./Payload/shixun.app/AppIcon20x20@3x.png ... 
2018-08-17 07:33:23 +0000  17290 bytes for ./Payload/shixun.app/AppIcon20x20@3x.png
copying file ./Payload/shixun.app/LaunchImage-568h@2x.png ... 
2018-08-17 07:33:23 +0000  35398 bytes for ./Payload/shixun.app/LaunchImage-568h@2x.png
copying file ./Payload/shixun.app/AppIcon60x60@2x.png ... 
2018-08-17 07:33:23 +0000  5696 bytes for ./Payload/shixun.app/AppIcon60x60@2x.png
copying file ./Payload/shixun.app/AppIcon29x29@2x.png ... 
2018-08-17 07:33:23 +0000  2074 bytes for ./Payload/shixun.app/AppIcon29x29@2x.png
copying file ./Payload/shixun.app/DefaultAppInfo.plist ... 
2018-08-17 07:33:23 +0000  126 bytes for ./Payload/shixun.app/DefaultAppInfo.plist
copying file ./Payload/shixun.app/LaunchImage-800-667h@2x.png ... 
2018-08-17 07:33:23 +0000  36522 bytes for ./Payload/shixun.app/LaunchImage-800-667h@2x.png
copying file ./Payload/shixun.app/AppIcon40x40@3x.png ... 
2018-08-17 07:33:23 +0000  5696 bytes for ./Payload/shixun.app/AppIcon40x40@3x.png
copying file ./Payload/shixun.app/AppIcon29x29~ipad.png ... 
2018-08-17 07:33:23 +0000  798 bytes for ./Payload/shixun.app/AppIcon29x29~ipad.png
copying file ./Payload/shixun.app/AppIcon40x40@2x.png ... 
2018-08-17 07:33:23 +0000  3353 bytes for ./Payload/shixun.app/AppIcon40x40@2x.png
copying file ./Payload/shixun.app/AppIcon29x29@3x.png ... 
2018-08-17 07:33:23 +0000  3716 bytes for ./Payload/shixun.app/AppIcon29x29@3x.png
copying file ./Payload/shixun.app/AppIcon60x60@3x.png ... 
2018-08-17 07:33:23 +0000  10105 bytes for ./Payload/shixun.app/AppIcon60x60@3x.png
copying file ./Payload/shixun.app/LaunchImage-700-Portrait~ipad.png ... 
2018-08-17 07:33:23 +0000  23744 bytes for ./Payload/shixun.app/LaunchImage-700-Portrait~ipad.png
copying file ./Payload/shixun.app/Assets.car ... 
2018-08-17 07:33:23 +0000  216920 bytes for ./Payload/shixun.app/Assets.car
copying file ./Payload/shixun.app/AppIcon40x40@2x~ipad.png ... 
2018-08-17 07:33:23 +0000  3353 bytes for ./Payload/shixun.app/AppIcon40x40@2x~ipad.png
copying file ./Payload/shixun.app/AppIcon76x76@2x~ipad.png ... 
2018-08-17 07:33:23 +0000  7942 bytes for ./Payload/shixun.app/AppIcon76x76@2x~ipad.png
copying file ./Payload/shixun.app/LaunchImage-800-Portrait-736h@3x.png ... 
2018-08-17 07:33:23 +0000  64795 bytes for ./Payload/shixun.app/LaunchImage-800-Portrait-736h@3x.png
copying file ./Payload/shixun.app/LaunchImage-700@2x.png ... 
2018-08-17 07:33:23 +0000  34608 bytes for ./Payload/shixun.app/LaunchImage-700@2x.png
2018-08-17 07:33:23 +0000  copying file ./Payload/shixun.app/videoio.bundle/blend.png ... 
2018-08-17 07:33:23 +0000  11852 bytes for ./Payload/shixun.app/videoio.bundle/blend.png
2018-08-17 07:33:23 +0000  copying file ./Payload/shixun.app/AppIcon83.5x83.5@2x~ipad.png ... 
2018-08-17 07:33:23 +0000  9135 bytes for ./Payload/shixun.app/AppIcon83.5x83.5@2x~ipad.png
copying file ./Payload/shixun.app/LaunchImage-700-568h@2x.png ... 
2018-08-17 07:33:23 +0000  35398 bytes for ./Payload/shixun.app/LaunchImage-700-568h@2x.png
copying file ./Payload/shixun.app/shixun ... 
2018-08-17 07:33:23 +0000  2984016 bytes for ./Payload/shixun.app/shixun
copying file ./Payload/shixun.app/AppIcon29x29@2x~ipad.png ... 
2018-08-17 07:33:23 +0000  2074 bytes for ./Payload/shixun.app/AppIcon29x29@2x~ipad.png
copying file ./Payload/shixun.app/LaunchImage-700-Landscape@2x~ipad.png ... 
2018-08-17 07:33:23 +0000  57316 bytes for ./Payload/shixun.app/LaunchImage-700-Landscape@2x~ipad.png
copying file ./Payload/shixun.app/AppIcon40x40~ipad.png ... 
2018-08-17 07:33:23 +0000  1881 bytes for ./Payload/shixun.app/AppIcon40x40~ipad.png
2018-08-17 07:33:23 +0000  copying file ./Payload/shixun.app/Frameworks/reich_meetingkit.framework/_CodeSignature/CodeResources ... 
2018-08-17 07:33:23 +0000  4832 bytes for ./Payload/shixun.app/Frameworks/reich_meetingkit.framework/_CodeSignature/CodeResources
2018-08-17 07:33:23 +0000  copying file ./Payload/shixun.app/Frameworks/reich_meetingkit.framework/.DS_Store ... 
2018-08-17 07:33:23 +0000  6148 bytes for ./Payload/shixun.app/Frameworks/reich_meetingkit.framework/.DS_Store
2018-08-17 07:33:23 +0000  copying file ./Payload/shixun.app/Frameworks/reich_meetingkit.framework/reich_meetingkit ... 
2018-08-17 07:33:25 +0000  43149520 bytes for ./Payload/shixun.app/Frameworks/reich_meetingkit.framework/reich_meetingkit
copying file ./Payload/shixun.app/Frameworks/reich_meetingkit.framework/Fragment.glsl ... 
2018-08-17 07:33:25 +0000  432 bytes for ./Payload/shixun.app/Frameworks/reich_meetingkit.framework/Fragment.glsl
copying file ./Payload/shixun.app/Frameworks/reich_meetingkit.framework/Assets.car ... 
2018-08-17 07:33:25 +0000  163256 bytes for ./Payload/shixun.app/Frameworks/reich_meetingkit.framework/Assets.car
copying file ./Payload/shixun.app/Frameworks/reich_meetingkit.framework/Vertex.glsl ... 
2018-08-17 07:33:25 +0000  155 bytes for ./Payload/shixun.app/Frameworks/reich_meetingkit.framework/Vertex.glsl
2018-08-17 07:33:25 +0000  copying file ./Payload/shixun.app/Frameworks/reich_meetingkit.framework/RCRefresh.bundle/zh-Hans.lproj/Localizable.strings ... 
2018-08-17 07:33:25 +0000  1194 bytes for ./Payload/shixun.app/Frameworks/reich_meetingkit.framework/RCRefresh.bundle/zh-Hans.lproj/Localizable.strings
2018-08-17 07:33:25 +0000  copying file ./Payload/shixun.app/Frameworks/reich_meetingkit.framework/RCRefresh.bundle/en.lproj/Localizable.strings ... 
2018-08-17 07:33:25 +0000  1372 bytes for ./Payload/shixun.app/Frameworks/reich_meetingkit.framework/RCRefresh.bundle/en.lproj/Localizable.strings
2018-08-17 07:33:25 +0000  copying file ./Payload/shixun.app/Frameworks/reich_meetingkit.framework/RCRefresh.bundle/arrow@2x.png ... 
2018-08-17 07:33:25 +0000  1033 bytes for ./Payload/shixun.app/Frameworks/reich_meetingkit.framework/RCRefresh.bundle/arrow@2x.png
2018-08-17 07:33:25 +0000  copying file ./Payload/shixun.app/Frameworks/reich_meetingkit.framework/RCRefresh.bundle/zh-Hant.lproj/Localizable.strings ... 
2018-08-17 07:33:25 +0000  773 bytes for ./Payload/shixun.app/Frameworks/reich_meetingkit.framework/RCRefresh.bundle/zh-Hant.lproj/Localizable.strings
2018-08-17 07:33:25 +0000  copying file ./Payload/shixun.app/Frameworks/reich_meetingkit.framework/Info.plist ... 
2018-08-17 07:33:25 +0000  716 bytes for ./Payload/shixun.app/Frameworks/reich_meetingkit.framework/Info.plist
2018-08-17 07:33:25 +0000  copying file ./Payload/shixun.app/embedded.mobileprovision ... 
2018-08-17 07:33:25 +0000  7685 bytes for ./Payload/shixun.app/embedded.mobileprovision
copying file ./Payload/shixun.app/LaunchImage-700-Portrait@2x~ipad.png ... 
2018-08-17 07:33:25 +0000  65692 bytes for ./Payload/shixun.app/LaunchImage-700-Portrait@2x~ipad.png
copying file ./Payload/shixun.app/LaunchImage-700-Landscape~ipad.png ... 
2018-08-17 07:33:25 +0000  20977 bytes for ./Payload/shixun.app/LaunchImage-700-Landscape~ipad.png
copying file ./Payload/shixun.app/Info.plist ... 
2018-08-17 07:33:25 +0000  2255 bytes for ./Payload/shixun.app/Info.plist
copying file ./Payload/shixun.app/PkgInfo ... 
2018-08-17 07:33:25 +0000  8 bytes for ./Payload/shixun.app/PkgInfo
2018-08-17 07:33:25 +0000  copying file ./Payload/shixun.app/AppIcon76x76~ipad.png ... 
2018-08-17 07:33:25 +0000  3132 bytes for ./Payload/shixun.app/AppIcon76x76~ipad.png
2018-08-17 07:33:25 +0000  2018-08-17 07:33:25 +0000  

2018-08-17 07:33:25 +0000  /usr/bin/ditto exited with 02018-08-17 07:33:25 +0000  

2018-08-17 07:33:25 +0000  
2018-08-17 07:33:25 +0000  Processing step: IDEDistributionCreateManifestStep
